# JRE version: Java(TM) SE Runtime Environment (8.0_05-b13) (build 1.8.0_05-b13)
# Java VM: Java HotSpot(TM) 64-Bit Server VM (25.5-b02 mixed mode windows-amd64 compressed oops)
Heap:
 PSYoungGen      total 80896K, used 78129K [0x00000000eab00000, 0x00000000f0780000, 0x0000000100000000)
  eden space 70144K, 99% used [0x00000000eab00000,0x00000000eef3c750,0x00000000eef80000)
  from space 10752K, 76% used [0x00000000efb00000,0x00000000f0310010,0x00000000f0580000)
  to   space 11776K, 0% used [0x00000000eef80000,0x00000000eef80000,0x00000000efb00000)
 ParOldGen       total 123392K, used 32997K [0x00000000c0000000, 0x00000000c7880000, 0x00000000eab00000)
  object space 123392K, 26% used [0x00000000c0000000,0x00000000c20396b0,0x00000000c7880000)
 Metaspace       used 6222K, capacity 7064K, committed 7424K, reserved 1056768K
  class space    used 618K, capacity 656K, committed 768K, reserved 1048576K
GC Heap History (10 events):
Event: 9.726 GC heap before
{Heap before GC invocations=14 (full 0):
 PSYoungGen      total 23040K, used 23023K [0x00000000eab00000, 0x00000000ed380000, 0x0000000100000000)
  eden space 19968K, 100% used [0x00000000eab00000,0x00000000ebe80000,0x00000000ebe80000)
  from space 3072K, 99% used [0x00000000ebe80000,0x00000000ec17bc80,0x00000000ec180000)
  to   space 4608K, 0% used [0x00000000ecf00000,0x00000000ecf00000,0x00000000ed380000)
 ParOldGen       total 123392K, used 9197K [0x00000000c0000000, 0x00000000c7880000, 0x00000000eab00000)
  object space 123392K, 7% used [0x00000000c0000000,0x00000000c08fb408,0x00000000c7880000)
 Metaspace       used 6001K, capacity 6960K, committed 7040K, reserved 1056768K
  class space    used 597K, capacity 616K, committed 640K, reserved 1048576K
Event: 9.766 GC heap after
Heap after GC invocations=14 (full 0):
 PSYoungGen      total 36864K, used 2784K [0x00000000eab00000, 0x00000000ed380000, 0x0000000100000000)
  eden space 32256K, 0% used [0x00000000eab00000,0x00000000eab00000,0x00000000eca80000)
  from space 4608K, 60% used [0x00000000ecf00000,0x00000000ed1b8000,0x00000000ed380000)
  to   space 4608K, 0% used [0x00000000eca80000,0x00000000eca80000,0x00000000ecf00000)
 ParOldGen       total 123392K, used 11752K [0x00000000c0000000, 0x00000000c7880000, 0x00000000eab00000)
  object space 123392K, 9% used [0x00000000c0000000,0x00000000c0b7a078,0x00000000c7880000)
 Metaspace       used 6001K, capacity 6960K, committed 7040K, reserved 1056768K
  class space    used 597K, capacity 616K, committed 640K, reserved 1048576K
}
Event: 11.160 GC heap before
{Heap before GC invocations=15 (full 0):
 PSYoungGen      total 36864K, used 35040K [0x00000000eab00000, 0x00000000ed380000, 0x0000000100000000)
  eden space 32256K, 100% used [0x00000000eab00000,0x00000000eca80000,0x00000000eca80000)
  from space 4608K, 60% used [0x00000000ecf00000,0x00000000ed1b8000,0x00000000ed380000)
  to   space 4608K, 0% used [0x00000000eca80000,0x00000000eca80000,0x00000000ecf00000)
 ParOldGen       total 123392K, used 11752K [0x00000000c0000000, 0x00000000c7880000, 0x00000000eab00000)
  object space 123392K, 9% used [0x00000000c0000000,0x00000000c0b7a078,0x00000000c7880000)
 Metaspace       used 6021K, capacity 6960K, committed 7040K, reserved 1056768K
  class space    used 597K, capacity 616K, committed 640K, reserved 1048576K
Event: 11.231 GC heap after
Heap after GC invocations=15 (full 0):
 PSYoungGen      total 36864K, used 4608K [0x00000000eab00000, 0x00000000eea80000, 0x0000000100000000)
  eden space 32256K, 0% used [0x00000000eab00000,0x00000000eab00000,0x00000000eca80000)
  from space 4608K, 100% used [0x00000000eca80000,0x00000000ecf00000,0x00000000ecf00000)
  to   space 6656K, 0% used [0x00000000ee400000,0x00000000ee400000,0x00000000eea80000)
 ParOldGen       total 123392K, used 15530K [0x00000000c0000000, 0x00000000c7880000, 0x00000000eab00000)
  object space 123392K, 12% used [0x00000000c0000000,0x00000000c0f2aa00,0x00000000c7880000)
 Metaspace       used 6021K, capacity 6960K, committed 7040K, reserved 1056768K
  class space    used 597K, capacity 616K, committed 640K, reserved 1048576K
}
Event: 12.600 GC heap before
{Heap before GC invocations=16 (full 0):
 PSYoungGen      total 36864K, used 36864K [0x00000000eab00000, 0x00000000eea80000, 0x0000000100000000)
  eden space 32256K, 100% used [0x00000000eab00000,0x00000000eca80000,0x00000000eca80000)
  from space 4608K, 100% used [0x00000000eca80000,0x00000000ecf00000,0x00000000ecf00000)
  to   space 6656K, 0% used [0x00000000ee400000,0x00000000ee400000,0x00000000eea80000)
 ParOldGen       total 123392K, used 15530K [0x00000000c0000000, 0x00000000c7880000, 0x00000000eab00000)
  object space 123392K, 12% used [0x00000000c0000000,0x00000000c0f2aa00,0x00000000c7880000)
 Metaspace       used 6052K, capacity 6960K, committed 7040K, reserved 1056768K
  class space    used 597K, capacity 616K, committed 640K, reserved 1048576K
Event: 15.418 GC heap after
Heap after GC invocations=16 (full 0):
 PSYoungGen      total 57344K, used 5312K [0x00000000eab00000, 0x00000000eec80000, 0x0000000100000000)
  eden space 50688K, 0% used [0x00000000eab00000,0x00000000eab00000,0x00000000edc80000)
  from space 6656K, 79% used [0x00000000ee400000,0x00000000ee930000,0x00000000eea80000)
  to   space 7680K, 0% used [0x00000000edc80000,0x00000000edc80000,0x00000000ee400000)
 ParOldGen       total 123392K, used 19988K [0x00000000c0000000, 0x00000000c7880000, 0x00000000eab00000)
  object space 123392K, 16% used [0x00000000c0000000,0x00000000c1385130,0x00000000c7880000)
 Metaspace       used 6052K, capacity 6960K, committed 7040K, reserved 1056768K
  class space    used 597K, capacity 616K, committed 640K, reserved 1048576K
}
Event: 18.567 GC heap before
{Heap before GC invocations=17 (full 0):
 PSYoungGen      total 57344K, used 56000K [0x00000000eab00000, 0x00000000eec80000, 0x0000000100000000)
  eden space 50688K, 100% used [0x00000000eab00000,0x00000000edc80000,0x00000000edc80000)
  from space 6656K, 79% used [0x00000000ee400000,0x00000000ee930000,0x00000000eea80000)
  to   space 7680K, 0% used [0x00000000edc80000,0x00000000edc80000,0x00000000ee400000)
 ParOldGen       total 123392K, used 19988K [0x00000000c0000000, 0x00000000c7880000, 0x00000000eab00000)
  object space 123392K, 16% used [0x00000000c0000000,0x00000000c1385130,0x00000000c7880000)
 Metaspace       used 6109K, capacity 7024K, committed 7296K, reserved 1056768K
  class space    used 597K, capacity 616K, committed 640K, reserved 1048576K
Event: 18.909 GC heap after
Heap after GC invocations=17 (full 0):
 PSYoungGen      total 58368K, used 7648K [0x00000000eab00000, 0x00000000f0580000, 0x0000000100000000)
  eden space 50688K, 0% used [0x00000000eab00000,0x00000000eab00000,0x00000000edc80000)
  from space 7680K, 99% used [0x00000000edc80000,0x00000000ee3f8010,0x00000000ee400000)
  to   space 10752K, 0% used [0x00000000efb00000,0x00000000efb00000,0x00000000f0580000)
 ParOldGen       total 123392K, used 25420K [0x00000000c0000000, 0x00000000c7880000, 0x00000000eab00000)
  object space 123392K, 20% used [0x00000000c0000000,0x00000000c18d32e8,0x00000000c7880000)
 Metaspace       used 6109K, capacity 7024K, committed 7296K, reserved 1056768K
  class space    used 597K, capacity 616K, committed 640K, reserved 1048576K
}
Event: 19.678 GC heap before
{Heap before GC invocations=18 (full 0):
 PSYoungGen      total 58368K, used 58336K [0x00000000eab00000, 0x00000000f0580000, 0x0000000100000000)
  eden space 50688K, 100% used [0x00000000eab00000,0x00000000edc80000,0x00000000edc80000)
  from space 7680K, 99% used [0x00000000edc80000,0x00000000ee3f8010,0x00000000ee400000)
  to   space 10752K, 0% used [0x00000000efb00000,0x00000000efb00000,0x00000000f0580000)
 ParOldGen       total 123392K, used 25420K [0x00000000c0000000, 0x00000000c7880000, 0x00000000eab00000)
  object space 123392K, 20% used [0x00000000c0000000,0x00000000c18d32e8,0x00000000c7880000)
 Metaspace       used 6119K, capacity 7024K, committed 7296K, reserved 1056768K
  class space    used 597K, capacity 616K, committed 640K, reserved 1048576K
Event: 19.785 GC heap after
Heap after GC invocations=18 (full 0):
 PSYoungGen      total 80896K, used 8256K [0x00000000eab00000, 0x00000000f0780000, 0x0000000100000000)
  eden space 70144K, 0% used [0x00000000eab00000,0x00000000eab00000,0x00000000eef80000)
  from space 10752K, 76% used [0x00000000efb00000,0x00000000f0310010,0x00000000f0580000)
  to   space 11776K, 0% used [0x00000000eef80000,0x00000000eef80000,0x00000000efb00000)
 ParOldGen       total 123392K, used 32997K [0x00000000c0000000, 0x00000000c7880000, 0x00000000eab00000)
  object space 123392K, 26% used [0x00000000c0000000,0x00000000c20396b0,0x00000000c7880000)
 Metaspace       used 6119K, capacity 7024K, committed 7296K, reserved 1056768K
  class space    used 597K, capacity 616K, committed 640K, reserved 1048576K
}

